<?xml version="1.0" encoding="UTF-8"?>
<testng-results skipped="0" failed="0" ignored="0" total="1" passed="1">
  <reporter-output>
  </reporter-output>
  <suite name="Suite" duration-ms="21" started-at="2022-05-27T06:12:22Z" finished-at="2022-05-27T06:12:22Z">
    <groups>
    </groups>
    <test name="Test" duration-ms="21" started-at="2022-05-27T06:12:22Z" finished-at="2022-05-27T06:12:22Z">
      <class name="com.app.tests.RegressionTests">
        <test-method status="PASS" signature="setUp()[pri:0, instance:com.app.tests.RegressionTests@5b0abc94]" name="setUp" is-config="true" duration-ms="3" started-at="2022-05-27T06:12:22Z" finished-at="2022-05-27T06:12:22Z">
          <reporter-output>
          </reporter-output>
        </test-method> <!-- setUp -->
        <test-method status="PASS" signature="regressionTest1()[pri:0, instance:com.app.tests.RegressionTests@5b0abc94]" name="regressionTest1" duration-ms="2" started-at="2022-05-27T06:12:22Z" finished-at="2022-05-27T06:12:22Z">
          <reporter-output>
          </reporter-output>
        </test-method> <!-- regressionTest1 -->
        <test-method status="PASS" signature="tearDown()[pri:0, instance:com.app.tests.RegressionTests@5b0abc94]" name="tearDown" is-config="true" duration-ms="0" started-at="2022-05-27T06:12:22Z" finished-at="2022-05-27T06:12:22Z">
          <reporter-output>
          </reporter-output>
        </test-method> <!-- tearDown -->
      </class> <!-- com.app.tests.RegressionTests -->
    </test> <!-- Test -->
  </suite> <!-- Suite -->
</testng-results>
